\BOOKMARK [0][-]{chapter.1}{Zombieland}{}
\BOOKMARK [1][-]{section.1.1}{Descripci\363n del Problema}{chapter.1}
\BOOKMARK [1][-]{section.1.2}{Idea General de la Resoluci\363n}{chapter.1}
\BOOKMARK [1][-]{section.1.3}{Pseudoc\363digo}{chapter.1}
\BOOKMARK [1][-]{section.1.4}{Correctitud y Complejidad}{chapter.1}
\BOOKMARK [2][-]{subsection.1.4.1}{Correctitud}{section.1.4}
\BOOKMARK [2][-]{subsection.1.4.2}{Complejidad}{section.1.4}
\BOOKMARK [2][-]{subsection.1.4.3}{Test de Performance}{section.1.4}
\BOOKMARK [0][-]{chapter.2}{Alta Frecuencia}{}
\BOOKMARK [1][-]{section.2.1}{Descripci\363n del Problema}{chapter.2}
\BOOKMARK [1][-]{section.2.2}{Idea General de la Resoluci\363n}{chapter.2}
\BOOKMARK [1][-]{section.2.3}{Pseudoc\363digo}{chapter.2}
\BOOKMARK [1][-]{section.2.4}{Correctitud y Complejidad}{chapter.2}
\BOOKMARK [2][-]{subsection.2.4.1}{Correctitud}{section.2.4}
\BOOKMARK [2][-]{subsection.2.4.2}{Complejidad}{section.2.4}
\BOOKMARK [2][-]{subsection.2.4.3}{Test de Performance}{section.2.4}
\BOOKMARK [0][-]{chapter.3}{El Se\361or de los Caballos}{}
\BOOKMARK [1][-]{section.3.1}{Descripci\363n del Problema}{chapter.3}
\BOOKMARK [1][-]{section.3.2}{Idea General de la Resoluci\363n}{chapter.3}
\BOOKMARK [1][-]{section.3.3}{Pseudoc\363digo}{chapter.3}
\BOOKMARK [1][-]{section.3.4}{Correctitud y Complejidad}{chapter.3}
\BOOKMARK [2][-]{subsection.3.4.1}{Correctitud}{section.3.4}
\BOOKMARK [2][-]{subsection.3.4.2}{Complejidad}{section.3.4}
\BOOKMARK [2][-]{subsection.3.4.3}{Test de Performance}{section.3.4}
